20:52:30 **** Build of configuration Debug for project deneme ****
make all 
Building file: ../xnor_gpu_final.cu
Invoking: NVCC Compiler
/usr/local/cuda-10.2/bin/nvcc -G -g -O0 -gencode arch=compute_61,code=sm_61  -odir "." -M -o "xnor_gpu_final.d" "../xnor_gpu_final.cu"
/usr/local/cuda-10.2/bin/nvcc -G -g -O0 --compile --relocatable-device-code=false -gencode arch=compute_61,code=compute_61 -gencode arch=compute_61,code=sm_61  -x cu -o  "xnor_gpu_final.o" "../xnor_gpu_final.cu"
../xnor_gpu_final.cu(366): error: attribute "__global__" does not apply here

../xnor_gpu_final.cu(366): error: incomplete type is not allowed

../xnor_gpu_final.cu(366): error: identifier "T" is undefined

../xnor_gpu_final.cu(366): error: expected an expression

../xnor_gpu_final.cu(366): error: expected a ")"
subdir.mk:18: recipe for target 'xnor_gpu_final.o' failed

../xnor_gpu_final.cu(367): error: expected a ";"

../xnor_gpu_final.cu(427): warning: parsing restarts here after previous syntax error

../xnor_gpu_final.cu(428): error: identifier "idx" is undefined

../xnor_gpu_final.cu(428): error: identifier "input_row" is undefined

../xnor_gpu_final.cu(428): error: identifier "input_col" is undefined

../xnor_gpu_final.cu(430): error: expected a declaration

../xnor_gpu_final.cu(475): warning: parsing restarts here after previous syntax error

../xnor_gpu_final.cu(476): error: this declaration has no storage class or type specifier

../xnor_gpu_final.cu(476): error: declaration is incompatible with "cudaError_t cudaStreamCreate(cudaStream_t *)"
/usr/local/cuda-10.2/bin/../targets/x86_64-linux/include/cuda_runtime_api.h(2102): here

../xnor_gpu_final.cu(476): error: identifier "stream1" is undefined

../xnor_gpu_final.cu(478): error: this declaration has no storage class or type specifier

../xnor_gpu_final.cu(478): error: variable "d_K_matrix" has already been defined

../xnor_gpu_final.cu(478): error: expected a ";"

../xnor_gpu_final.cu(479): error: this declaration has no storage class or type specifier

../xnor_gpu_final.cu(479): error: variable "d_K_matrix" has already been defined

../xnor_gpu_final.cu(479): error: expected a ";"

../xnor_gpu_final.cu(480): error: this declaration has no storage class or type specifier

../xnor_gpu_final.cu(481): error: this declaration has no storage class or type specifier

../xnor_gpu_final.cu(481): error: declaration is incompatible with overloaded function "cudaMalloc"
/usr/local/cuda-10.2/bin/../targets/x86_64-linux/include/cuda_device_runtime_api.h(75): here

../xnor_gpu_final.cu(481): error: a value of type "void **" cannot be used to initialize an entity of type "int"

../xnor_gpu_final.cu(481): error: expected a ")"

../xnor_gpu_final.cu(482): error: identifier "h_weight_tensor" is undefined

../xnor_gpu_final.cu(483): error: identifier "h_input_tensor" is undefined

../xnor_gpu_final.cu(485): error: expected a declaration

../xnor_gpu_final.cu(488): error: expected a declaration

../xnor_gpu_final.cu(490): error: this declaration has no storage class or type specifier

../xnor_gpu_final.cu(490): error: variable "d_padded_input_tensor" has already been defined

../xnor_gpu_final.cu(490): error: expected a ";"

../xnor_gpu_final.cu(491): error: this declaration has no storage class or type specifier

../xnor_gpu_final.cu(491): error: variable "d_padded_input_tensor" has already been defined

../xnor_gpu_final.cu(491): error: expected a ";"

../xnor_gpu_final.cu(492): error: this declaration has no storage class or type specifier

../xnor_gpu_final.cu(492): error: variable "d_padded_input_tensor" has already been defined

../xnor_gpu_final.cu(492): error: expected a ";"

../xnor_gpu_final.cu(493): error: this declaration has no storage class or type specifier

../xnor_gpu_final.cu(493): error: variable "copy_size" has already been defined

../xnor_gpu_final.cu(494): error: expected a declaration

../xnor_gpu_final.cu(496): error: this declaration has no storage class or type specifier

../xnor_gpu_final.cu(496): error: variable "block_size" has already been defined

../xnor_gpu_final.cu(497): error: this declaration has no storage class or type specifier

../xnor_gpu_final.cu(497): error: variable "grid_size" has already been defined

../xnor_gpu_final.cu(498): error: this declaration has no storage class or type specifier

../xnor_gpu_final.cu(498): error: declaration is incompatible with "void zeroPadding(float *, float *, int, int, int, int, int, int, int)"
(248): here

../xnor_gpu_final.cu(498): error: expected a ";"

../xnor_gpu_final.cu(500): error: identifier "kernel_col" is undefined

../xnor_gpu_final.cu(500): error: identifier "kernel_row" is undefined

../xnor_gpu_final.cu(503): error: this declaration has no storage class or type specifier

../xnor_gpu_final.cu(503): error: variable "d_binary_input_tensor" has already been defined

../xnor_gpu_final.cu(503): error: expected a ";"

../xnor_gpu_final.cu(504): error: this declaration has no storage class or type specifier

../xnor_gpu_final.cu(504): error: variable "d_binary_input_tensor" has already been defined

../xnor_gpu_final.cu(504): error: expected a ";"

../xnor_gpu_final.cu(505): error: this declaration has no storage class or type specifier

../xnor_gpu_final.cu(505): error: variable "d_binary_input_tensor" has already been defined

../xnor_gpu_final.cu(505): error: expected a ";"

../xnor_gpu_final.cu(506): error: this declaration has no storage class or type specifier

../xnor_gpu_final.cu(506): error: variable "copy_size" has already been defined

../xnor_gpu_final.cu(508): error: expected a declaration

../xnor_gpu_final.cu(509): error: this declaration has no storage class or type specifier

../xnor_gpu_final.cu(509): error: declaration is incompatible with "cudaError_t cudaEventRecord(cudaEvent_t, cudaStream_t)"
/usr/local/cuda-10.2/bin/../targets/x86_64-linux/include/cuda_device_runtime_api.h(139): here

../xnor_gpu_final.cu(509): error: identifier "start" is undefined

../xnor_gpu_final.cu(509): error: expected a ")"

../xnor_gpu_final.cu(510): error: this declaration has no storage class or type specifier

../xnor_gpu_final.cu(510): error: declaration is incompatible with function template "void convert2binary(const T *, unsigned int *, int, int, int, int, int, int, int)"
(316): here

../xnor_gpu_final.cu(510): error: expected a ";"

../xnor_gpu_final.cu(514): warning: parsing restarts here after previous syntax error

../xnor_gpu_final.cu(515): error: this declaration has no storage class or type specifier

../xnor_gpu_final.cu(515): error: variable "cudaEventRecord" has already been defined

../xnor_gpu_final.cu(515): error: identifier "stop" is undefined

../xnor_gpu_final.cu(515): error: expected a ")"

../xnor_gpu_final.cu(516): error: this declaration has no storage class or type specifier

../xnor_gpu_final.cu(516): error: declaration is incompatible with "cudaError_t cudaEventSynchronize(cudaEvent_t)"
/usr/local/cuda-10.2/bin/../targets/x86_64-linux/include/cuda_runtime_api.h(2851): here

../xnor_gpu_final.cu(518): error: this declaration has no storage class or type specifier

../xnor_gpu_final.cu(518): error: declaration is incompatible with "cudaError_t cudaEventElapsedTime(float *, cudaEvent_t, cudaEvent_t)"
/usr/local/cuda-10.2/bin/../targets/x86_64-linux/include/cuda_runtime_api.h(2921): here

../xnor_gpu_final.cu(518): error: a value of type "float *" cannot be used to initialize an entity of type "int"

../xnor_gpu_final.cu(518): error: expected a ")"

../xnor_gpu_final.cu(519): error: this declaration has no storage class or type specifier

../xnor_gpu_final.cu(519): error: declaration is incompatible with "std::ostream std::cout"
/usr/include/c++/7/iostream(61): here

../xnor_gpu_final.cu(519): error: expected a ";"

../xnor_gpu_final.cu(522): error: this declaration has no storage class or type specifier

../xnor_gpu_final.cu(522): error: variable "d_convolution_buffer" has already been defined

../xnor_gpu_final.cu(522): error: expected a ";"

../xnor_gpu_final.cu(523): error: this declaration has no storage class or type specifier

../xnor_gpu_final.cu(523): error: variable "d_convolution_buffer" has already been defined

../xnor_gpu_final.cu(523): error: expected a ";"

../xnor_gpu_final.cu(524): error: this declaration has no storage class or type specifier

../xnor_gpu_final.cu(524): error: variable "d_convolution_buffer" has already been defined

../xnor_gpu_final.cu(524): error: expected a ";"

../xnor_gpu_final.cu(525): error: this declaration has no storage class or type specifier

../xnor_gpu_final.cu(525): error: variable "d_convolution_buffer" has already been defined

../xnor_gpu_final.cu(525): error: expected a ";"

../xnor_gpu_final.cu(526): error: this declaration has no storage class or type specifier

../xnor_gpu_final.cu(526): error: variable "copy_size" has already been defined

../xnor_gpu_final.cu(527): error: expected a declaration

../xnor_gpu_final.cu(529): error: this declaration has no storage class or type specifier

../xnor_gpu_final.cu(529): error: variable "d_weight_tensor" has already been defined

../xnor_gpu_final.cu(529): error: expected a ";"

../xnor_gpu_final.cu(530): error: this declaration has no storage class or type specifier

Error limit reached.
100 errors detected in the compilation of "/tmp/tmpxft_00004027_00000000-6_xnor_gpu_final.cpp1.ii".
Compilation terminated.
make: *** [xnor_gpu_final.o] Error 1
20:52:59 **** Incremental Build of configuration Debug for project deneme ****
make all 
Building file: ../xnor_gpu_final.cu
Invoking: NVCC Compiler
/usr/local/cuda-10.2/bin/nvcc -G -g -O0 -gencode arch=compute_61,code=sm_61  -odir "." -M -o "xnor_gpu_final.d" "../xnor_gpu_final.cu"
/usr/local/cuda-10.2/bin/nvcc -G -g -O0 --compile --relocatable-device-code=false -gencode arch=compute_61,code=compute_61 -gencode arch=compute_61,code=sm_61  -x cu -o  "xnor_gpu_final.o" "../xnor_gpu_final.cu"
../xnor_gpu_final.cu(485): error: argument of type "cudaStream_t" is incompatible with parameter of type "size_t"

../xnor_gpu_final.cu(486): error: class "matrix3d<float>" has no member "width"

../xnor_gpu_final.cu(486): error: class "matrix3d<float>" has no member "height"

../xnor_gpu_final.cu(488): error: argument of type "cudaStream_t" is incompatible with parameter of type "size_t"

../xnor_gpu_final.cu(488): error: identifier "height" is undefined

../xnor_gpu_final.cu(488): error: identifier "width" is undefined

../xnor_gpu_final.cu(565): error: expected a ";"

../xnor_gpu_final.cu(216): error: identifier "maskRows" is undefined

../xnor_gpu_final.cu(217): error: identifier "maskCols" is undefined

9 errors detected in the compilation of "/tmp/tmpxft_0000407e_00000000-6_xnor_gpu_final.cpp1.ii".
subdir.mk:18: recipe for target 'xnor_gpu_final.o' failed
make: *** [xnor_gpu_final.o] Error 1
20:53:19 **** Incremental Build of configuration Debug for project deneme ****
make all 
Building file: ../xnor_gpu_final.cu
Invoking: NVCC Compiler
/usr/local/cuda-10.2/bin/nvcc -G -g -O0 -gencode arch=compute_61,code=sm_61  -odir "." -M -o "xnor_gpu_final.d" "../xnor_gpu_final.cu"
/usr/local/cuda-10.2/bin/nvcc -G -g -O0 --compile --relocatable-device-code=false -gencode arch=compute_61,code=compute_61 -gencode arch=compute_61,code=sm_61  -x cu -o  "xnor_gpu_final.o" "../xnor_gpu_final.cu"
../xnor_gpu_final.cu(486): error: class "matrix3d<float>" has no member "width"

../xnor_gpu_final.cu(486): error: class "matrix3d<float>" has no member "height"

../xnor_gpu_final.cu(488): error: identifier "height" is undefined

../xnor_gpu_final.cu(488): error: identifier "width" is undefined

../xnor_gpu_final.cu(565): error: expected a ";"

../xnor_gpu_final.cu(216): error: identifier "maskRows" is undefined

../xnor_gpu_final.cu(217): error: identifier "maskCols" is undefined

7 errors detected in the compilation of "/tmp/tmpxft_000040e3_00000000-6_xnor_gpu_final.cpp1.ii".
make: *** [xnor_gpu_final.o] Error 1
subdir.mk:18: recipe for target 'xnor_gpu_final.o' failed
20:54:17 **** Incremental Build of configuration Debug for project deneme ****
make all 
Building file: ../xnor_gpu_final.cu
Invoking: NVCC Compiler
/usr/local/cuda-10.2/bin/nvcc -G -g -O0 -gencode arch=compute_61,code=sm_61  -odir "." -M -o "xnor_gpu_final.d" "../xnor_gpu_final.cu"
/usr/local/cuda-10.2/bin/nvcc -G -g -O0 --compile --relocatable-device-code=false -gencode arch=compute_61,code=compute_61 -gencode arch=compute_61,code=sm_61  -x cu -o  "xnor_gpu_final.o" "../xnor_gpu_final.cu"
../xnor_gpu_final.cu(565): error: expected a ";"

../xnor_gpu_final.cu(216): error: identifier "maskRows" is undefined

../xnor_gpu_final.cu(217): error: identifier "maskCols" is undefined

3 errors detected in the compilation of "/tmp/tmpxft_0000416f_00000000-6_xnor_gpu_final.cpp1.ii".
subdir.mk:18: recipe for target 'xnor_gpu_final.o' failed
make: *** [xnor_gpu_final.o] Error 1
20:54:25 **** Incremental Build of configuration Debug for project deneme ****
make all 
Building file: ../xnor_gpu_final.cu
Invoking: NVCC Compiler
/usr/local/cuda-10.2/bin/nvcc -G -g -O0 -gencode arch=compute_61,code=sm_61  -odir "." -M -o "xnor_gpu_final.d" "../xnor_gpu_final.cu"
/usr/local/cuda-10.2/bin/nvcc -G -g -O0 --compile --relocatable-device-code=false -gencode arch=compute_61,code=compute_61 -gencode arch=compute_61,code=sm_61  -x cu -o  "xnor_gpu_final.o" "../xnor_gpu_final.cu"
../xnor_gpu_final.cu(216): error: identifier "maskRows" is undefined

../xnor_gpu_final.cu(217): error: identifier "maskCols" is undefined

2 errors detected in the compilation of "/tmp/tmpxft_000041c6_00000000-6_xnor_gpu_final.cpp1.ii".
make: *** [xnor_gpu_final.o] Error 1
subdir.mk:18: recipe for target 'xnor_gpu_final.o' failed
21:23:55 **** Incremental Build of configuration Debug for project deneme ****
make all 
Building file: ../xnor_gpu_final.cu
Invoking: NVCC Compiler
/usr/local/cuda-10.2/bin/nvcc -G -g -O0 -gencode arch=compute_61,code=sm_61  -odir "." -M -o "xnor_gpu_final.d" "../xnor_gpu_final.cu"
/usr/local/cuda-10.2/bin/nvcc -G -g -O0 --compile --relocatable-device-code=false -gencode arch=compute_61,code=compute_61 -gencode arch=compute_61,code=sm_61  -x cu -o  "xnor_gpu_final.o" "../xnor_gpu_final.cu"
../xnor_gpu_final.cu(226): error: identifier "maskRows" is undefined

../xnor_gpu_final.cu(228): error: identifier "maskCols" is undefined

2 errors detected in the compilation of "/tmp/tmpxft_00004648_00000000-6_xnor_gpu_final.cpp1.ii".
subdir.mk:18: recipe for target 'xnor_gpu_final.o' failed
make: *** [xnor_gpu_final.o] Error 1
21:24:29 **** Incremental Build of configuration Debug for project deneme ****
make all 
Building file: ../xnor_gpu_final.cu
Invoking: NVCC Compiler
/usr/local/cuda-10.2/bin/nvcc -G -g -O0 -gencode arch=compute_61,code=sm_61  -odir "." -M -o "xnor_gpu_final.d" "../xnor_gpu_final.cu"
/usr/local/cuda-10.2/bin/nvcc -G -g -O0 --compile --relocatable-device-code=false -gencode arch=compute_61,code=compute_61 -gencode arch=compute_61,code=sm_61  -x cu -o  "xnor_gpu_final.o" "../xnor_gpu_final.cu"
Finished building: ../xnor_gpu_final.cu
 
Building target: deneme
Invoking: NVCC Linker
/usr/local/cuda-10.2/bin/nvcc --cudart static --relocatable-device-code=false -gencode arch=compute_61,code=compute_61 -gencode arch=compute_61,code=sm_61 -link -o  "deneme"  ./xnor_gpu_final.o   
Finished building target: deneme
 
21:24:37 **** Incremental Build of configuration Debug for project deneme ****
make all 
make: Nothing to be done for 'all'.
21:24:42 **** Incremental Build of configuration Debug for project deneme ****
make all 
make: Nothing to be done for 'all'.
21:27:22 **** Build of configuration Debug for project deneme ****
make all 
Building file: ../xnor_gpu_final.cu
Invoking: NVCC Compiler
/usr/local/cuda-10.2/bin/nvcc -G -g -O0 -gencode arch=compute_61,code=sm_61  -odir "." -M -o "xnor_gpu_final.d" "../xnor_gpu_final.cu"
/usr/local/cuda-10.2/bin/nvcc -G -g -O0 --compile --relocatable-device-code=false -gencode arch=compute_61,code=compute_61 -gencode arch=compute_61,code=sm_61  -x cu -o  "xnor_gpu_final.o" "../xnor_gpu_final.cu"
Finished building: ../xnor_gpu_final.cu
 
Building target: deneme
Invoking: NVCC Linker
/usr/local/cuda-10.2/bin/nvcc --cudart static --relocatable-device-code=false -gencode arch=compute_61,code=compute_61 -gencode arch=compute_61,code=sm_61 -link -o  "deneme"  ./xnor_gpu_final.o   
Finished building target: deneme
 
21:27:28 **** Incremental Build of configuration Debug for project deneme ****
make all 
make: Nothing to be done for 'all'.
21:27:47 **** Incremental Build of configuration Debug for project deneme ****
make all 
make: Nothing to be done for 'all'.
21:27:50 **** Incremental Build of configuration Debug for project deneme ****
make all 
make: Nothing to be done for 'all'.
21:37:07 **** Incremental Build of configuration Debug for project deneme ****
make all 
Building file: ../xnor_gpu_final.cu
Invoking: NVCC Compiler
/usr/local/cuda-10.2/bin/nvcc -G -g -O0 -gencode arch=compute_61,code=sm_61  -odir "." -M -o "xnor_gpu_final.d" "../xnor_gpu_final.cu"
/usr/local/cuda-10.2/bin/nvcc -G -g -O0 --compile --relocatable-device-code=false -gencode arch=compute_61,code=compute_61 -gencode arch=compute_61,code=sm_61  -x cu -o  "xnor_gpu_final.o" "../xnor_gpu_final.cu"
Finished building: ../xnor_gpu_final.cu
 
Building target: deneme
Invoking: NVCC Linker
/usr/local/cuda-10.2/bin/nvcc --cudart static --relocatable-device-code=false -gencode arch=compute_61,code=compute_61 -gencode arch=compute_61,code=sm_61 -link -o  "deneme"  ./xnor_gpu_final.o   
Finished building target: deneme
 
21:37:18 **** Incremental Build of configuration Debug for project deneme ****
make all 
Building file: ../xnor_gpu_final.cu
Invoking: NVCC Compiler
/usr/local/cuda-10.2/bin/nvcc -G -g -O0 -gencode arch=compute_61,code=sm_61  -odir "." -M -o "xnor_gpu_final.d" "../xnor_gpu_final.cu"
/usr/local/cuda-10.2/bin/nvcc -G -g -O0 --compile --relocatable-device-code=false -gencode arch=compute_61,code=compute_61 -gencode arch=compute_61,code=sm_61  -x cu -o  "xnor_gpu_final.o" "../xnor_gpu_final.cu"
Finished building: ../xnor_gpu_final.cu
 
Building target: deneme
Invoking: NVCC Linker
/usr/local/cuda-10.2/bin/nvcc --cudart static --relocatable-device-code=false -gencode arch=compute_61,code=compute_61 -gencode arch=compute_61,code=sm_61 -link -o  "deneme"  ./xnor_gpu_final.o   
Finished building target: deneme
 
21:37:44 **** Incremental Build of configuration Debug for project deneme ****
make all 
make: Nothing to be done for 'all'.
21:37:55 **** Incremental Build of configuration Debug for project deneme ****
make all 
Building file: ../xnor_gpu_final.cu
Invoking: NVCC Compiler
/usr/local/cuda-10.2/bin/nvcc -G -g -O3 -gencode arch=compute_61,code=sm_61  -odir "." -M -o "xnor_gpu_final.d" "../xnor_gpu_final.cu"
/usr/local/cuda-10.2/bin/nvcc -G -g -O3 --compile --relocatable-device-code=false -gencode arch=compute_61,code=compute_61 -gencode arch=compute_61,code=sm_61  -x cu -o  "xnor_gpu_final.o" "../xnor_gpu_final.cu"
Finished building: ../xnor_gpu_final.cu
 
Building target: deneme
Invoking: NVCC Linker
/usr/local/cuda-10.2/bin/nvcc --cudart static --relocatable-device-code=false -gencode arch=compute_61,code=compute_61 -gencode arch=compute_61,code=sm_61 -link -o  "deneme"  ./xnor_gpu_final.o   
Finished building target: deneme
 
21:41:52 **** Incremental Build of configuration Debug for project deneme ****
make all 
make: Nothing to be done for 'all'.
21:42:03 **** Incremental Build of configuration Debug for project deneme ****
make all 
make: Nothing to be done for 'all'.
21:42:09 **** Incremental Build of configuration Debug for project deneme ****
make all 
make: Nothing to be done for 'all'.
21:42:25 **** Clean-only build of configuration Debug for project deneme ****
make clean 
rm -rf  ./xnor_gpu_final.o ./xnor_gpu_v1.o  ./xnor_gpu_final.d ./xnor_gpu_v1.d  deneme
 
21:42:25 **** Incremental Build of configuration Debug for project deneme ****
make all 
Building file: ../xnor_gpu_v1.cu
Invoking: NVCC Compiler
/usr/local/cuda-10.2/bin/nvcc -G -g -O3 -gencode arch=compute_61,code=sm_61  -odir "." -M -o "xnor_gpu_v1.d" "../xnor_gpu_v1.cu"
/usr/local/cuda-10.2/bin/nvcc -G -g -O3 --compile --relocatable-device-code=false -gencode arch=compute_61,code=compute_61 -gencode arch=compute_61,code=sm_61  -x cu -o  "xnor_gpu_v1.o" "../xnor_gpu_v1.cu"
Finished building: ../xnor_gpu_v1.cu
 
Building target: deneme
Invoking: NVCC Linker
/usr/local/cuda-10.2/bin/nvcc --cudart static --relocatable-device-code=false -gencode arch=compute_61,code=compute_61 -gencode arch=compute_61,code=sm_61 -link -o  "deneme"  ./xnor_gpu_v1.o   
Finished building target: deneme
 
21:42:49 **** Incremental Build of configuration Debug for project deneme ****
make all 
Building file: ../xnor_gpu_v1.cu
Invoking: NVCC Compiler
/usr/local/cuda-10.2/bin/nvcc -G -g -O3 -gencode arch=compute_61,code=sm_61  -odir "." -M -o "xnor_gpu_v1.d" "../xnor_gpu_v1.cu"
/usr/local/cuda-10.2/bin/nvcc -G -g -O3 --compile --relocatable-device-code=false -gencode arch=compute_61,code=compute_61 -gencode arch=compute_61,code=sm_61  -x cu -o  "xnor_gpu_v1.o" "../xnor_gpu_v1.cu"
Finished building: ../xnor_gpu_v1.cu
 
Building target: deneme
Invoking: NVCC Linker
/usr/local/cuda-10.2/bin/nvcc --cudart static --relocatable-device-code=false -gencode arch=compute_61,code=compute_61 -gencode arch=compute_61,code=sm_61 -link -o  "deneme"  ./xnor_gpu_v1.o   
Finished building target: deneme
 
21:42:57 **** Incremental Build of configuration Debug for project deneme ****
make all 
make: Nothing to be done for 'all'.
21:43:21 **** Incremental Build of configuration Debug for project deneme ****
make all 
Building file: ../xnor_gpu_v1.cu
Invoking: NVCC Compiler
/usr/local/cuda-10.2/bin/nvcc -G -g -O3 -gencode arch=compute_61,code=sm_61  -odir "." -M -o "xnor_gpu_v1.d" "../xnor_gpu_v1.cu"
/usr/local/cuda-10.2/bin/nvcc -G -g -O3 --compile --relocatable-device-code=false -gencode arch=compute_61,code=compute_61 -gencode arch=compute_61,code=sm_61  -x cu -o  "xnor_gpu_v1.o" "../xnor_gpu_v1.cu"
Finished building: ../xnor_gpu_v1.cu
 
Building target: deneme
Invoking: NVCC Linker
/usr/local/cuda-10.2/bin/nvcc --cudart static --relocatable-device-code=false -gencode arch=compute_61,code=compute_61 -gencode arch=compute_61,code=sm_61 -link -o  "deneme"  ./xnor_gpu_v1.o   
Finished building target: deneme
 
21:43:46 **** Incremental Build of configuration Debug for project deneme ****
make all 
Building file: ../xnor_gpu_v1.cu
Invoking: NVCC Compiler
/usr/local/cuda-10.2/bin/nvcc -G -g -O3 -gencode arch=compute_61,code=sm_61  -odir "." -M -o "xnor_gpu_v1.d" "../xnor_gpu_v1.cu"
/usr/local/cuda-10.2/bin/nvcc -G -g -O3 --compile --relocatable-device-code=false -gencode arch=compute_61,code=compute_61 -gencode arch=compute_61,code=sm_61  -x cu -o  "xnor_gpu_v1.o" "../xnor_gpu_v1.cu"
Finished building: ../xnor_gpu_v1.cu
 
Building target: deneme
Invoking: NVCC Linker
/usr/local/cuda-10.2/bin/nvcc --cudart static --relocatable-device-code=false -gencode arch=compute_61,code=compute_61 -gencode arch=compute_61,code=sm_61 -link -o  "deneme"  ./xnor_gpu_v1.o   
Finished building target: deneme
 
21:44:09 **** Incremental Build of configuration Debug for project deneme ****
make all 
make: Nothing to be done for 'all'.
21:44:36 **** Incremental Build of configuration Debug for project deneme ****
make all 
Building file: ../xnor_gpu_v1.cu
Invoking: NVCC Compiler
/usr/local/cuda-10.2/bin/nvcc -G -g -O3 -gencode arch=compute_61,code=sm_61  -odir "." -M -o "xnor_gpu_v1.d" "../xnor_gpu_v1.cu"
/usr/local/cuda-10.2/bin/nvcc -G -g -O3 --compile --relocatable-device-code=false -gencode arch=compute_61,code=compute_61 -gencode arch=compute_61,code=sm_61  -x cu -o  "xnor_gpu_v1.o" "../xnor_gpu_v1.cu"
Finished building: ../xnor_gpu_v1.cu
 
Building target: deneme
Invoking: NVCC Linker
/usr/local/cuda-10.2/bin/nvcc --cudart static --relocatable-device-code=false -gencode arch=compute_61,code=compute_61 -gencode arch=compute_61,code=sm_61 -link -o  "deneme"  ./xnor_gpu_v1.o   
Finished building target: deneme
 
21:45:09 **** Incremental Build of configuration Debug for project deneme ****
make all 
Building file: ../xnor_gpu_v1.cu
Invoking: NVCC Compiler
/usr/local/cuda-10.2/bin/nvcc -G -g -O3 -gencode arch=compute_61,code=sm_61  -odir "." -M -o "xnor_gpu_v1.d" "../xnor_gpu_v1.cu"
/usr/local/cuda-10.2/bin/nvcc -G -g -O3 --compile --relocatable-device-code=false -gencode arch=compute_61,code=compute_61 -gencode arch=compute_61,code=sm_61  -x cu -o  "xnor_gpu_v1.o" "../xnor_gpu_v1.cu"
Finished building: ../xnor_gpu_v1.cu
 
Building target: deneme
Invoking: NVCC Linker
/usr/local/cuda-10.2/bin/nvcc --cudart static --relocatable-device-code=false -gencode arch=compute_61,code=compute_61 -gencode arch=compute_61,code=sm_61 -link -o  "deneme"  ./xnor_gpu_v1.o   
Finished building target: deneme
 
21:45:23 **** Incremental Build of configuration Debug for project deneme ****
make all 
Building file: ../xnor_gpu_v1.cu
Invoking: NVCC Compiler
/usr/local/cuda-10.2/bin/nvcc -G -g -O3 -gencode arch=compute_61,code=sm_61  -odir "." -M -o "xnor_gpu_v1.d" "../xnor_gpu_v1.cu"
/usr/local/cuda-10.2/bin/nvcc -G -g -O3 --compile --relocatable-device-code=false -gencode arch=compute_61,code=compute_61 -gencode arch=compute_61,code=sm_61  -x cu -o  "xnor_gpu_v1.o" "../xnor_gpu_v1.cu"
Finished building: ../xnor_gpu_v1.cu
 
Building target: deneme
Invoking: NVCC Linker
/usr/local/cuda-10.2/bin/nvcc --cudart static --relocatable-device-code=false -gencode arch=compute_61,code=compute_61 -gencode arch=compute_61,code=sm_61 -link -o  "deneme"  ./xnor_gpu_v1.o   
Finished building target: deneme
 
21:45:34 **** Incremental Build of configuration Debug for project deneme ****
make all 
Building file: ../xnor_gpu_v1.cu
Invoking: NVCC Compiler
/usr/local/cuda-10.2/bin/nvcc -G -g -O3 -gencode arch=compute_61,code=sm_61  -odir "." -M -o "xnor_gpu_v1.d" "../xnor_gpu_v1.cu"
/usr/local/cuda-10.2/bin/nvcc -G -g -O3 --compile --relocatable-device-code=false -gencode arch=compute_61,code=compute_61 -gencode arch=compute_61,code=sm_61  -x cu -o  "xnor_gpu_v1.o" "../xnor_gpu_v1.cu"
Finished building: ../xnor_gpu_v1.cu
 
Building target: deneme
Invoking: NVCC Linker
/usr/local/cuda-10.2/bin/nvcc --cudart static --relocatable-device-code=false -gencode arch=compute_61,code=compute_61 -gencode arch=compute_61,code=sm_61 -link -o  "deneme"  ./xnor_gpu_v1.o   
Finished building target: deneme
 
21:45:43 **** Incremental Build of configuration Debug for project deneme ****
make all 
Building file: ../xnor_gpu_v1.cu
Invoking: NVCC Compiler
/usr/local/cuda-10.2/bin/nvcc -G -g -O3 -gencode arch=compute_61,code=sm_61  -odir "." -M -o "xnor_gpu_v1.d" "../xnor_gpu_v1.cu"
/usr/local/cuda-10.2/bin/nvcc -G -g -O3 --compile --relocatable-device-code=false -gencode arch=compute_61,code=compute_61 -gencode arch=compute_61,code=sm_61  -x cu -o  "xnor_gpu_v1.o" "../xnor_gpu_v1.cu"
Finished building: ../xnor_gpu_v1.cu
 
Building target: deneme
Invoking: NVCC Linker
/usr/local/cuda-10.2/bin/nvcc --cudart static --relocatable-device-code=false -gencode arch=compute_61,code=compute_61 -gencode arch=compute_61,code=sm_61 -link -o  "deneme"  ./xnor_gpu_v1.o   
Finished building target: deneme
 
21:45:53 **** Incremental Build of configuration Debug for project deneme ****
make all 
Building file: ../xnor_gpu_v1.cu
Invoking: NVCC Compiler
/usr/local/cuda-10.2/bin/nvcc -G -g -O3 -gencode arch=compute_61,code=sm_61  -odir "." -M -o "xnor_gpu_v1.d" "../xnor_gpu_v1.cu"
/usr/local/cuda-10.2/bin/nvcc -G -g -O3 --compile --relocatable-device-code=false -gencode arch=compute_61,code=compute_61 -gencode arch=compute_61,code=sm_61  -x cu -o  "xnor_gpu_v1.o" "../xnor_gpu_v1.cu"
Finished building: ../xnor_gpu_v1.cu
 
Building target: deneme
Invoking: NVCC Linker
/usr/local/cuda-10.2/bin/nvcc --cudart static --relocatable-device-code=false -gencode arch=compute_61,code=compute_61 -gencode arch=compute_61,code=sm_61 -link -o  "deneme"  ./xnor_gpu_v1.o   
Finished building target: deneme
 
21:46:29 **** Incremental Build of configuration Debug for project deneme ****
make all 
Building file: ../xnor_gpu_v1.cu
Invoking: NVCC Compiler
/usr/local/cuda-10.2/bin/nvcc -G -g -O3 -gencode arch=compute_61,code=sm_61  -odir "." -M -o "xnor_gpu_v1.d" "../xnor_gpu_v1.cu"
/usr/local/cuda-10.2/bin/nvcc -G -g -O3 --compile --relocatable-device-code=false -gencode arch=compute_61,code=compute_61 -gencode arch=compute_61,code=sm_61  -x cu -o  "xnor_gpu_v1.o" "../xnor_gpu_v1.cu"
Finished building: ../xnor_gpu_v1.cu
 
Building target: deneme
Invoking: NVCC Linker
/usr/local/cuda-10.2/bin/nvcc --cudart static --relocatable-device-code=false -gencode arch=compute_61,code=compute_61 -gencode arch=compute_61,code=sm_61 -link -o  "deneme"  ./xnor_gpu_v1.o   
Finished building target: deneme
 
21:07:31 **** Clean-only build of configuration Debug for project deneme ****
make clean 
rm -rf  ./xnor_gpu_v1.o  ./xnor_gpu_v1.d  deneme
 
21:07:31 **** Build of configuration Debug for project deneme ****
make all 
Building file: ../compK_final.cu
Invoking: NVCC Compiler
/usr/local/cuda-10.2/bin/nvcc -G -g -O3 -gencode arch=compute_61,code=sm_61  -odir "." -M -o "compK_final.d" "../compK_final.cu"
/usr/local/cuda-10.2/bin/nvcc -G -g -O3 --compile --relocatable-device-code=false -gencode arch=compute_61,code=compute_61 -gencode arch=compute_61,code=sm_61  -x cu -o  "compK_final.o" "../compK_final.cu"
Finished building: ../compK_final.cu
 
Building target: deneme
Invoking: NVCC Linker
/usr/local/cuda-10.2/bin/nvcc --cudart static --relocatable-device-code=false -gencode arch=compute_61,code=compute_61 -gencode arch=compute_61,code=sm_61 -link -o  "deneme"  ./compK_final.o   
Finished building target: deneme
 
21:08:10 **** Incremental Build of configuration Debug for project deneme ****
make all 
Building file: ../compK_final.cu
Invoking: NVCC Compiler
/usr/local/cuda-10.2/bin/nvcc -G -g -O3 -gencode arch=compute_61,code=sm_61  -odir "." -M -o "compK_final.d" "../compK_final.cu"
/usr/local/cuda-10.2/bin/nvcc -G -g -O3 --compile --relocatable-device-code=false -gencode arch=compute_61,code=compute_61 -gencode arch=compute_61,code=sm_61  -x cu -o  "compK_final.o" "../compK_final.cu"
Finished building: ../compK_final.cu
 
Building target: deneme
Invoking: NVCC Linker
/usr/local/cuda-10.2/bin/nvcc --cudart static --relocatable-device-code=false -gencode arch=compute_61,code=compute_61 -gencode arch=compute_61,code=sm_61 -link -o  "deneme"  ./compK_final.o   
Finished building target: deneme
 
21:08:24 **** Incremental Build of configuration Debug for project deneme ****
make all 
Building file: ../compK_final.cu
Invoking: NVCC Compiler
/usr/local/cuda-10.2/bin/nvcc -G -g -O3 -gencode arch=compute_61,code=sm_61  -odir "." -M -o "compK_final.d" "../compK_final.cu"
/usr/local/cuda-10.2/bin/nvcc -G -g -O3 --compile --relocatable-device-code=false -gencode arch=compute_61,code=compute_61 -gencode arch=compute_61,code=sm_61  -x cu -o  "compK_final.o" "../compK_final.cu"
Finished building: ../compK_final.cu
 
Building target: deneme
Invoking: NVCC Linker
/usr/local/cuda-10.2/bin/nvcc --cudart static --relocatable-device-code=false -gencode arch=compute_61,code=compute_61 -gencode arch=compute_61,code=sm_61 -link -o  "deneme"  ./compK_final.o   
Finished building target: deneme
 
21:08:42 **** Incremental Build of configuration Debug for project deneme ****
make all 
make: Nothing to be done for 'all'.
21:10:53 **** Clean-only build of configuration Debug for project deneme ****
make clean 
rm -rf  ./compK_final.o  ./compK_final.d  deneme
 
21:10:53 **** Build of configuration Debug for project deneme ****
make all 
Building file: ../compK_final.cu
Invoking: NVCC Compiler
/usr/local/cuda-10.2/bin/nvcc -G -g -O3 -gencode arch=compute_61,code=sm_61  -odir "." -M -o "compK_final.d" "../compK_final.cu"
/usr/local/cuda-10.2/bin/nvcc -G -g -O3 --compile --relocatable-device-code=false -gencode arch=compute_61,code=compute_61 -gencode arch=compute_61,code=sm_61  -x cu -o  "compK_final.o" "../compK_final.cu"
Finished building: ../compK_final.cu
 
Building target: deneme
Invoking: NVCC Linker
/usr/local/cuda-10.2/bin/nvcc --cudart static --relocatable-device-code=false -gencode arch=compute_61,code=compute_61 -gencode arch=compute_61,code=sm_61 -link -o  "deneme"  ./compK_final.o   
Finished building target: deneme
 
21:11:25 **** Incremental Build of configuration Debug for project deneme ****
make all 
make: Nothing to be done for 'all'.
21:11:34 **** Incremental Build of configuration Debug for project deneme ****
make all 
make: Nothing to be done for 'all'.
21:36:36 **** Incremental Build of configuration Debug for project deneme ****
make all 
make: Nothing to be done for 'all'.
21:36:45 **** Incremental Build of configuration Debug for project deneme ****
make all 
make: Nothing to be done for 'all'.
21:36:49 **** Incremental Build of configuration Debug for project deneme ****
make all 
make: Nothing to be done for 'all'.
21:36:52 **** Incremental Build of configuration Debug for project deneme ****
make all 
make: Nothing to be done for 'all'.
21:39:03 **** Incremental Build of configuration Debug for project deneme ****
make all 
make: Nothing to be done for 'all'.
21:40:48 **** Clean-only build of configuration Debug for project deneme ****
make clean 
rm -rf  ./compK_final.o  ./compK_final.d  deneme
 
21:40:49 **** Incremental Build of configuration Debug for project deneme ****
make all 
Building file: ../xnor_gpu_final.cu
Invoking: NVCC Compiler
/usr/local/cuda-10.2/bin/nvcc -G -g -O3 -gencode arch=compute_61,code=sm_61  -odir "." -M -o "xnor_gpu_final.d" "../xnor_gpu_final.cu"
/usr/local/cuda-10.2/bin/nvcc -G -g -O3 --compile --relocatable-device-code=false -gencode arch=compute_61,code=compute_61 -gencode arch=compute_61,code=sm_61  -x cu -o  "xnor_gpu_final.o" "../xnor_gpu_final.cu"
Finished building: ../xnor_gpu_final.cu
 
Building target: deneme
Invoking: NVCC Linker
/usr/local/cuda-10.2/bin/nvcc --cudart static --relocatable-device-code=false -gencode arch=compute_61,code=compute_61 -gencode arch=compute_61,code=sm_61 -link -o  "deneme"  ./xnor_gpu_final.o   
Finished building target: deneme
 
21:40:55 **** Incremental Build of configuration Debug for project deneme ****
make all 
make: Nothing to be done for 'all'.
21:45:43 **** Incremental Build of configuration Debug for project deneme ****
make all 
make: Nothing to be done for 'all'.
21:46:03 **** Clean-only build of configuration Debug for project deneme ****
make clean 
rm -rf  ./xnor_gpu_final.o  ./xnor_gpu_final.d  deneme
 
21:46:04 **** Incremental Build of configuration Debug for project deneme ****
make all 
Building file: ../compK_final.cu
Invoking: NVCC Compiler
/usr/local/cuda-10.2/bin/nvcc -G -g -O3 -gencode arch=compute_61,code=sm_61  -odir "." -M -o "compK_final.d" "../compK_final.cu"
/usr/local/cuda-10.2/bin/nvcc -G -g -O3 --compile --relocatable-device-code=false -gencode arch=compute_61,code=compute_61 -gencode arch=compute_61,code=sm_61  -x cu -o  "compK_final.o" "../compK_final.cu"
../compK_final.cu(194): error: identifier "imageChannels" is undefined

../compK_final.cu(208): error: identifier "imageChannels" is undefined

../compK_final.cu(220): warning: variable "elapsedTimeAddition" is used before its value is set

../compK_final.cu(188): warning: variable "hostMaskData" was set but never used

../compK_final.cu(161): error: identifier "deviceOutputImageData" is undefined

../compK_final.cu(161): error: no instance of function template "clearMemory" matches the argument list
            argument types are: (<error-type>, unsigned long)

../compK_final.cu(124): warning: variable "gridSize" was declared but never referenced

../compK_final.cu(149): warning: variable "deviceConvOutputImageData" is used before its value is set
          detected during instantiation of "T *VanillaConv2d(T *, int, int, int, float &) [with T=type]" 
(208): here

4 errors detected in the compilation of "/tmp/tmpxft_000040a1_00000000-6_compK_final.cpp1.ii".
subdir.mk:18: recipe for target 'compK_final.o' failed
make: *** [compK_final.o] Error 1
21:46:22 **** Incremental Build of configuration Debug for project deneme ****
make all 
Building file: ../compK_final.cu
Invoking: NVCC Compiler
/usr/local/cuda-10.2/bin/nvcc -G -g -O3 -gencode arch=compute_61,code=sm_61  -odir "." -M -o "compK_final.d" "../compK_final.cu"
/usr/local/cuda-10.2/bin/nvcc -G -g -O3 --compile --relocatable-device-code=false -gencode arch=compute_61,code=compute_61 -gencode arch=compute_61,code=sm_61  -x cu -o  "compK_final.o" "../compK_final.cu"
../compK_final.cu(193): error: identifier "imageChannels" is undefined

../compK_final.cu(207): error: identifier "imageChannels" is undefined

../compK_final.cu(219): warning: variable "elapsedTimeAddition" is used before its value is set

../compK_final.cu(187): warning: variable "hostMaskData" was set but never used

../compK_final.cu(124): warning: variable "gridSize" was declared but never referenced

../compK_final.cu(149): warning: variable "deviceConvOutputImageData" is used before its value is set
          detected during instantiation of "T *VanillaConv2d(T *, int, int, int, float &) [with T=type]" 
(207): here

2 errors detected in the compilation of "/tmp/tmpxft_000040fb_00000000-6_compK_final.cpp1.ii".
make: *** [compK_final.o] Error 1
subdir.mk:18: recipe for target 'compK_final.o' failed
21:46:45 **** Incremental Build of configuration Debug for project deneme ****
make all 
Building file: ../compK_final.cu
Invoking: NVCC Compiler
/usr/local/cuda-10.2/bin/nvcc -G -g -O3 -gencode arch=compute_61,code=sm_61  -odir "." -M -o "compK_final.d" "../compK_final.cu"
/usr/local/cuda-10.2/bin/nvcc -G -g -O3 --compile --relocatable-device-code=false -gencode arch=compute_61,code=compute_61 -gencode arch=compute_61,code=sm_61  -x cu -o  "compK_final.o" "../compK_final.cu"
../compK_final.cu(216): error: identifier "imageChannels" is undefined

../compK_final.cu(219): warning: variable "elapsedTimeAddition" is used before its value is set

../compK_final.cu(187): warning: variable "hostMaskData" was set but never used

../compK_final.cu(124): warning: variable "gridSize" was declared but never referenced

../compK_final.cu(149): warning: variable "deviceConvOutputImageData" is used before its value is set
          detected during instantiation of "T *VanillaConv2d(T *, int, int, float &) [with T=type]" 
(207): here

1 error detected in the compilation of "/tmp/tmpxft_0000415a_00000000-6_compK_final.cpp1.ii".
make: *** [compK_final.o] Error 1
subdir.mk:18: recipe for target 'compK_final.o' failed
21:47:19 **** Incremental Build of configuration Debug for project deneme ****
make all 
Building file: ../compK_final.cu
Invoking: NVCC Compiler
/usr/local/cuda-10.2/bin/nvcc -G -g -O3 -gencode arch=compute_61,code=sm_61  -odir "." -M -o "compK_final.d" "../compK_final.cu"
/usr/local/cuda-10.2/bin/nvcc -G -g -O3 --compile --relocatable-device-code=false -gencode arch=compute_61,code=compute_61 -gencode arch=compute_61,code=sm_61  -x cu -o  "compK_final.o" "../compK_final.cu"
../compK_final.cu(219): warning: variable "elapsedTimeAddition" is used before its value is set

../compK_final.cu(187): warning: variable "hostMaskData" was set but never used

../compK_final.cu(124): warning: variable "gridSize" was declared but never referenced

../compK_final.cu(149): warning: variable "deviceConvOutputImageData" is used before its value is set
          detected during instantiation of "T *VanillaConv2d(T *, int, int, float &) [with T=type]" 
(207): here

../compK_final.cu(219): warning: variable "elapsedTimeAddition" is used before its value is set

Finished building: ../compK_final.cu
 
Building target: deneme
Invoking: NVCC Linker
/usr/local/cuda-10.2/bin/nvcc --cudart static --relocatable-device-code=false -gencode arch=compute_61,code=compute_61 -gencode arch=compute_61,code=sm_61 -link -o  "deneme"  ./compK_final.o   
Finished building target: deneme
 
21:47:27 **** Incremental Build of configuration Debug for project deneme ****
make all 
make: Nothing to be done for 'all'.
21:47:51 **** Incremental Build of configuration Debug for project deneme ****
make all 
make: Nothing to be done for 'all'.
21:48:19 **** Incremental Build of configuration Debug for project deneme ****
make all 
make: Nothing to be done for 'all'.
21:48:50 **** Incremental Build of configuration Debug for project deneme ****
make all 
Building file: ../compK_final.cu
Invoking: NVCC Compiler
/usr/local/cuda-10.2/bin/nvcc -G -g -O3 -gencode arch=compute_61,code=sm_61  -odir "." -M -o "compK_final.d" "../compK_final.cu"
/usr/local/cuda-10.2/bin/nvcc -G -g -O3 --compile --relocatable-device-code=false -gencode arch=compute_61,code=compute_61 -gencode arch=compute_61,code=sm_61  -x cu -o  "compK_final.o" "../compK_final.cu"
../compK_final.cu(207): warning: variable "elapsedTimeAddition" is used before its value is set

../compK_final.cu(175): warning: variable "hostMaskData" was set but never used

../compK_final.cu(123): warning: variable "gridSize" was declared but never referenced

../compK_final.cu(137): warning: variable "deviceConvOutputImageData" is used before its value is set
          detected during instantiation of "T *VanillaConv2d(T *, int, int, float &) [with T=type]" 
(195): here

../compK_final.cu(207): warning: variable "elapsedTimeAddition" is used before its value is set

Finished building: ../compK_final.cu
 
Building target: deneme
Invoking: NVCC Linker
/usr/local/cuda-10.2/bin/nvcc --cudart static --relocatable-device-code=false -gencode arch=compute_61,code=compute_61 -gencode arch=compute_61,code=sm_61 -link -o  "deneme"  ./compK_final.o   
Finished building target: deneme
 
21:50:14 **** Incremental Build of configuration Debug for project deneme ****
make all 
Building file: ../compK_final.cu
Invoking: NVCC Compiler
/usr/local/cuda-10.2/bin/nvcc -G -g -O3 -gencode arch=compute_61,code=sm_61  -odir "." -M -o "compK_final.d" "../compK_final.cu"
/usr/local/cuda-10.2/bin/nvcc -G -g -O3 --compile --relocatable-device-code=false -gencode arch=compute_61,code=compute_61 -gencode arch=compute_61,code=sm_61  -x cu -o  "compK_final.o" "../compK_final.cu"
../compK_final.cu(207): warning: variable "elapsedTimeAddition" is used before its value is set

../compK_final.cu(175): warning: variable "hostMaskData" was set but never used

../compK_final.cu(123): warning: variable "gridSize" was declared but never referenced

../compK_final.cu(137): warning: variable "deviceConvOutputImageData" is used before its value is set
          detected during instantiation of "T *VanillaConv2d(T *, int, int, float &) [with T=type]" 
(195): here

../compK_final.cu(207): warning: variable "elapsedTimeAddition" is used before its value is set

Finished building: ../compK_final.cu
 
Building target: deneme
Invoking: NVCC Linker
/usr/local/cuda-10.2/bin/nvcc --cudart static --relocatable-device-code=false -gencode arch=compute_61,code=compute_61 -gencode arch=compute_61,code=sm_61 -link -o  "deneme"  ./compK_final.o   
Finished building target: deneme
 
22:00:11 **** Incremental Build of configuration Debug for project deneme ****
make all 
make: Nothing to be done for 'all'.
22:01:14 **** Incremental Build of configuration Debug for project deneme ****
make all 
make: Nothing to be done for 'all'.
22:05:27 **** Incremental Build of configuration Debug for project deneme ****
make all 
Building file: ../compK_final.cu
Invoking: NVCC Compiler
/usr/local/cuda-10.2/bin/nvcc -G -g -O3 -gencode arch=compute_61,code=sm_61  -odir "." -M -o "compK_final.d" "../compK_final.cu"
/usr/local/cuda-10.2/bin/nvcc -G -g -O3 --compile --relocatable-device-code=false -gencode arch=compute_61,code=compute_61 -gencode arch=compute_61,code=sm_61  -x cu -o  "compK_final.o" "../compK_final.cu"
../compK_final.cu(210): warning: variable "elapsedTimeAddition" is used before its value is set

../compK_final.cu(178): warning: variable "hostMaskData" was set but never used

../compK_final.cu(125): error: identifier "deviceOutputImageData" is undefined

../compK_final.cu(126): warning: variable "gridSize" was declared but never referenced

1 error detected in the compilation of "/tmp/tmpxft_00004b94_00000000-6_compK_final.cpp1.ii".
make: *** [compK_final.o] Error 1
subdir.mk:18: recipe for target 'compK_final.o' failed
22:05:35 **** Incremental Build of configuration Debug for project deneme ****
make all 
Building file: ../compK_final.cu
Invoking: NVCC Compiler
/usr/local/cuda-10.2/bin/nvcc -G -g -O3 -gencode arch=compute_61,code=sm_61  -odir "." -M -o "compK_final.d" "../compK_final.cu"
/usr/local/cuda-10.2/bin/nvcc -G -g -O3 --compile --relocatable-device-code=false -gencode arch=compute_61,code=compute_61 -gencode arch=compute_61,code=sm_61  -x cu -o  "compK_final.o" "../compK_final.cu"
../compK_final.cu(210): warning: variable "elapsedTimeAddition" is used before its value is set

../compK_final.cu(178): warning: variable "hostMaskData" was set but never used

../compK_final.cu(126): warning: variable "gridSize" was declared but never referenced

../compK_final.cu(210): warning: variable "elapsedTimeAddition" is used before its value is set

Finished building: ../compK_final.cu
 
Building target: deneme
Invoking: NVCC Linker
/usr/local/cuda-10.2/bin/nvcc --cudart static --relocatable-device-code=false -gencode arch=compute_61,code=compute_61 -gencode arch=compute_61,code=sm_61 -link -o  "deneme"  ./compK_final.o   
Finished building target: deneme
 
22:05:43 **** Incremental Build of configuration Debug for project deneme ****
make all 
make: Nothing to be done for 'all'.
22:06:12 **** Incremental Build of configuration Debug for project deneme ****
make all 
make: Nothing to be done for 'all'.
22:07:08 **** Incremental Build of configuration Debug for project deneme ****
make all 
Building file: ../compK_final.cu
Invoking: NVCC Compiler
/usr/local/cuda-10.2/bin/nvcc -G -g -O3 -gencode arch=compute_61,code=sm_61  -odir "." -M -o "compK_final.d" "../compK_final.cu"
/usr/local/cuda-10.2/bin/nvcc -G -g -O3 --compile --relocatable-device-code=false -gencode arch=compute_61,code=compute_61 -gencode arch=compute_61,code=sm_61  -x cu -o  "compK_final.o" "../compK_final.cu"
../compK_final.cu(210): warning: variable "elapsedTimeAddition" is used before its value is set

../compK_final.cu(178): warning: variable "hostMaskData" was set but never used

../compK_final.cu(126): warning: variable "gridSize" was declared but never referenced

../compK_final.cu(210): warning: variable "elapsedTimeAddition" is used before its value is set

Finished building: ../compK_final.cu
 
Building target: deneme
Invoking: NVCC Linker
/usr/local/cuda-10.2/bin/nvcc --cudart static --relocatable-device-code=false -gencode arch=compute_61,code=compute_61 -gencode arch=compute_61,code=sm_61 -link -o  "deneme"  ./compK_final.o   
Finished building target: deneme
 
22:07:59 **** Incremental Build of configuration Debug for project deneme ****
make all 
Building file: ../compK_final.cu
Invoking: NVCC Compiler
/usr/local/cuda-10.2/bin/nvcc -G -g -O3 -gencode arch=compute_61,code=sm_61  -odir "." -M -o "compK_final.d" "../compK_final.cu"
/usr/local/cuda-10.2/bin/nvcc -G -g -O3 --compile --relocatable-device-code=false -gencode arch=compute_61,code=compute_61 -gencode arch=compute_61,code=sm_61  -x cu -o  "compK_final.o" "../compK_final.cu"
../compK_final.cu(210): warning: variable "elapsedTimeAddition" is used before its value is set

../compK_final.cu(178): warning: variable "hostMaskData" was set but never used

../compK_final.cu(126): warning: variable "gridSize" was declared but never referenced

../compK_final.cu(210): warning: variable "elapsedTimeAddition" is used before its value is set

Finished building: ../compK_final.cu
 
Building target: deneme
Invoking: NVCC Linker
/usr/local/cuda-10.2/bin/nvcc --cudart static --relocatable-device-code=false -gencode arch=compute_61,code=compute_61 -gencode arch=compute_61,code=sm_61 -link -o  "deneme"  ./compK_final.o   
Finished building target: deneme
 
22:08:43 **** Incremental Build of configuration Debug for project deneme ****
make all 
Building file: ../compK_final.cu
Invoking: NVCC Compiler
/usr/local/cuda-10.2/bin/nvcc -G -g -O3 -gencode arch=compute_61,code=sm_61  -odir "." -M -o "compK_final.d" "../compK_final.cu"
/usr/local/cuda-10.2/bin/nvcc -G -g -O3 --compile --relocatable-device-code=false -gencode arch=compute_61,code=compute_61 -gencode arch=compute_61,code=sm_61  -x cu -o  "compK_final.o" "../compK_final.cu"
../compK_final.cu(210): warning: variable "elapsedTimeAddition" is used before its value is set

../compK_final.cu(178): warning: variable "hostMaskData" was set but never used

../compK_final.cu(126): warning: variable "gridSize" was declared but never referenced

../compK_final.cu(210): warning: variable "elapsedTimeAddition" is used before its value is set

Finished building: ../compK_final.cu
 
Building target: deneme
Invoking: NVCC Linker
/usr/local/cuda-10.2/bin/nvcc --cudart static --relocatable-device-code=false -gencode arch=compute_61,code=compute_61 -gencode arch=compute_61,code=sm_61 -link -o  "deneme"  ./compK_final.o   
Finished building target: deneme
 
22:09:17 **** Incremental Build of configuration Debug for project deneme ****
make all 
Building file: ../compK_final.cu
Invoking: NVCC Compiler
/usr/local/cuda-10.2/bin/nvcc -G -g -O3 -gencode arch=compute_61,code=sm_61  -odir "." -M -o "compK_final.d" "../compK_final.cu"
/usr/local/cuda-10.2/bin/nvcc -G -g -O3 --compile --relocatable-device-code=false -gencode arch=compute_61,code=compute_61 -gencode arch=compute_61,code=sm_61  -x cu -o  "compK_final.o" "../compK_final.cu"
../compK_final.cu(210): warning: variable "elapsedTimeAddition" is used before its value is set

../compK_final.cu(178): warning: variable "hostMaskData" was set but never used

../compK_final.cu(126): warning: variable "gridSize" was declared but never referenced

../compK_final.cu(210): warning: variable "elapsedTimeAddition" is used before its value is set

Finished building: ../compK_final.cu
 
Building target: deneme
Invoking: NVCC Linker
/usr/local/cuda-10.2/bin/nvcc --cudart static --relocatable-device-code=false -gencode arch=compute_61,code=compute_61 -gencode arch=compute_61,code=sm_61 -link -o  "deneme"  ./compK_final.o   
Finished building target: deneme
 
22:11:34 **** Incremental Build of configuration Debug for project deneme ****
make all 
Building file: ../compK_final.cu
Invoking: NVCC Compiler
/usr/local/cuda-10.2/bin/nvcc -G -g -O3 -gencode arch=compute_61,code=sm_61  -odir "." -M -o "compK_final.d" "../compK_final.cu"
/usr/local/cuda-10.2/bin/nvcc -G -g -O3 --compile --relocatable-device-code=false -gencode arch=compute_61,code=compute_61 -gencode arch=compute_61,code=sm_61  -x cu -o  "compK_final.o" "../compK_final.cu"
../compK_final.cu(210): warning: variable "elapsedTimeAddition" is used before its value is set

../compK_final.cu(178): warning: variable "hostMaskData" was set but never used

../compK_final.cu(126): warning: variable "gridSize" was declared but never referenced

../compK_final.cu(210): warning: variable "elapsedTimeAddition" is used before its value is set

Finished building: ../compK_final.cu
 
Building target: deneme
Invoking: NVCC Linker
/usr/local/cuda-10.2/bin/nvcc --cudart static --relocatable-device-code=false -gencode arch=compute_61,code=compute_61 -gencode arch=compute_61,code=sm_61 -link -o  "deneme"  ./compK_final.o   
Finished building target: deneme
 
22:12:02 **** Incremental Build of configuration Debug for project deneme ****
make all 
Building file: ../compK_final.cu
Invoking: NVCC Compiler
/usr/local/cuda-10.2/bin/nvcc -G -g -O3 -gencode arch=compute_61,code=sm_61  -odir "." -M -o "compK_final.d" "../compK_final.cu"
/usr/local/cuda-10.2/bin/nvcc -G -g -O3 --compile --relocatable-device-code=false -gencode arch=compute_61,code=compute_61 -gencode arch=compute_61,code=sm_61  -x cu -o  "compK_final.o" "../compK_final.cu"
../compK_final.cu(210): warning: variable "elapsedTimeAddition" is used before its value is set

../compK_final.cu(178): warning: variable "hostMaskData" was set but never used

../compK_final.cu(126): warning: variable "gridSize" was declared but never referenced

../compK_final.cu(210): warning: variable "elapsedTimeAddition" is used before its value is set

Finished building: ../compK_final.cu
 
Building target: deneme
Invoking: NVCC Linker
/usr/local/cuda-10.2/bin/nvcc --cudart static --relocatable-device-code=false -gencode arch=compute_61,code=compute_61 -gencode arch=compute_61,code=sm_61 -link -o  "deneme"  ./compK_final.o   
Finished building target: deneme
 
22:12:31 **** Incremental Build of configuration Debug for project deneme ****
make all 
Building file: ../compK_final.cu
Invoking: NVCC Compiler
/usr/local/cuda-10.2/bin/nvcc -G -g -O3 -gencode arch=compute_61,code=sm_61  -odir "." -M -o "compK_final.d" "../compK_final.cu"
/usr/local/cuda-10.2/bin/nvcc -G -g -O3 --compile --relocatable-device-code=false -gencode arch=compute_61,code=compute_61 -gencode arch=compute_61,code=sm_61  -x cu -o  "compK_final.o" "../compK_final.cu"
../compK_final.cu(210): warning: variable "elapsedTimeAddition" is used before its value is set

../compK_final.cu(178): warning: variable "hostMaskData" was set but never used

../compK_final.cu(126): warning: variable "gridSize" was declared but never referenced

../compK_final.cu(210): warning: variable "elapsedTimeAddition" is used before its value is set

Finished building: ../compK_final.cu
 
Building target: deneme
Invoking: NVCC Linker
/usr/local/cuda-10.2/bin/nvcc --cudart static --relocatable-device-code=false -gencode arch=compute_61,code=compute_61 -gencode arch=compute_61,code=sm_61 -link -o  "deneme"  ./compK_final.o   
Finished building target: deneme
 
22:17:06 **** Clean-only build of configuration Debug for project deneme ****
make clean 
rm -rf  ./compK_final.o  ./compK_final.d  deneme
 
22:17:06 **** Incremental Build of configuration Debug for project deneme ****
make all 
Building file: ../xnor_gpu_v1.cu
Invoking: NVCC Compiler
/usr/local/cuda-10.2/bin/nvcc -G -g -O3 -gencode arch=compute_61,code=sm_61  -odir "." -M -o "xnor_gpu_v1.d" "../xnor_gpu_v1.cu"
/usr/local/cuda-10.2/bin/nvcc -G -g -O3 --compile --relocatable-device-code=false -gencode arch=compute_61,code=compute_61 -gencode arch=compute_61,code=sm_61  -x cu -o  "xnor_gpu_v1.o" "../xnor_gpu_v1.cu"
Finished building: ../xnor_gpu_v1.cu
 
Building target: deneme
Invoking: NVCC Linker
/usr/local/cuda-10.2/bin/nvcc --cudart static --relocatable-device-code=false -gencode arch=compute_61,code=compute_61 -gencode arch=compute_61,code=sm_61 -link -o  "deneme"  ./xnor_gpu_v1.o   
Finished building target: deneme
 
22:17:40 **** Incremental Build of configuration Debug for project deneme ****
make all 
Building file: ../xnor_gpu_v1.cu
Invoking: NVCC Compiler
/usr/local/cuda-10.2/bin/nvcc -G -g -O3 -gencode arch=compute_61,code=sm_61  -odir "." -M -o "xnor_gpu_v1.d" "../xnor_gpu_v1.cu"
/usr/local/cuda-10.2/bin/nvcc -G -g -O3 --compile --relocatable-device-code=false -gencode arch=compute_61,code=compute_61 -gencode arch=compute_61,code=sm_61  -x cu -o  "xnor_gpu_v1.o" "../xnor_gpu_v1.cu"
Finished building: ../xnor_gpu_v1.cu
 
Building target: deneme
Invoking: NVCC Linker
/usr/local/cuda-10.2/bin/nvcc --cudart static --relocatable-device-code=false -gencode arch=compute_61,code=compute_61 -gencode arch=compute_61,code=sm_61 -link -o  "deneme"  ./xnor_gpu_v1.o   
Finished building target: deneme
 
22:18:39 **** Incremental Build of configuration Debug for project deneme ****
make all 
Building file: ../xnor_gpu_v1.cu
Invoking: NVCC Compiler
/usr/local/cuda-10.2/bin/nvcc -G -g -O3 -gencode arch=compute_61,code=sm_61  -odir "." -M -o "xnor_gpu_v1.d" "../xnor_gpu_v1.cu"
/usr/local/cuda-10.2/bin/nvcc -G -g -O3 --compile --relocatable-device-code=false -gencode arch=compute_61,code=compute_61 -gencode arch=compute_61,code=sm_61  -x cu -o  "xnor_gpu_v1.o" "../xnor_gpu_v1.cu"
Finished building: ../xnor_gpu_v1.cu
 
Building target: deneme
Invoking: NVCC Linker
/usr/local/cuda-10.2/bin/nvcc --cudart static --relocatable-device-code=false -gencode arch=compute_61,code=compute_61 -gencode arch=compute_61,code=sm_61 -link -o  "deneme"  ./xnor_gpu_v1.o   
Finished building target: deneme
 
08:05:40 **** Clean-only build of configuration Debug for project deneme ****
make clean 
rm -rf  ./xnor_gpu_v1.o  ./xnor_gpu_v1.d  deneme
 
08:05:40 **** Build of configuration Debug for project deneme ****
make all 
Building file: ../xnor_gpu_v1.cu
Invoking: NVCC Compiler
/usr/local/cuda-10.2/bin/nvcc -G -g -O3 -gencode arch=compute_61,code=sm_61  -odir "." -M -o "xnor_gpu_v1.d" "../xnor_gpu_v1.cu"
/usr/local/cuda-10.2/bin/nvcc -G -g -O3 --compile --relocatable-device-code=false -gencode arch=compute_61,code=compute_61 -gencode arch=compute_61,code=sm_61  -x cu -o  "xnor_gpu_v1.o" "../xnor_gpu_v1.cu"
../xnor_gpu_v1.cu(370): error: identifier "kernel_col" is undefined

1 error detected in the compilation of "/tmp/tmpxft_00001ada_00000000-6_xnor_gpu_v1.cpp1.ii".
subdir.mk:18: recipe for target 'xnor_gpu_v1.o' failed
make: *** [xnor_gpu_v1.o] Error 1
08:05:56 **** Incremental Build of configuration Debug for project deneme ****
make all 
Building file: ../xnor_gpu_v1.cu
Invoking: NVCC Compiler
/usr/local/cuda-10.2/bin/nvcc -G -g -O3 -gencode arch=compute_61,code=sm_61  -odir "." -M -o "xnor_gpu_v1.d" "../xnor_gpu_v1.cu"
/usr/local/cuda-10.2/bin/nvcc -G -g -O3 --compile --relocatable-device-code=false -gencode arch=compute_61,code=compute_61 -gencode arch=compute_61,code=sm_61  -x cu -o  "xnor_gpu_v1.o" "../xnor_gpu_v1.cu"
Finished building: ../xnor_gpu_v1.cu
 
Building target: deneme
Invoking: NVCC Linker
/usr/local/cuda-10.2/bin/nvcc --cudart static --relocatable-device-code=false -gencode arch=compute_61,code=compute_61 -gencode arch=compute_61,code=sm_61 -link -o  "deneme"  ./xnor_gpu_v1.o   
Finished building target: deneme
 
08:07:44 **** Incremental Build of configuration Debug for project deneme ****
make all 
make: Nothing to be done for 'all'.
08:08:01 **** Incremental Build of configuration Debug for project deneme ****
make all 
make: Nothing to be done for 'all'.
08:09:19 **** Incremental Build of configuration Debug for project deneme ****
make all 
Building file: ../xnor_gpu_v1.cu
Invoking: NVCC Compiler
/usr/local/cuda-10.2/bin/nvcc -G -g -O3 -gencode arch=compute_61,code=sm_61  -odir "." -M -o "xnor_gpu_v1.d" "../xnor_gpu_v1.cu"
/usr/local/cuda-10.2/bin/nvcc -G -g -O3 --compile --relocatable-device-code=false -gencode arch=compute_61,code=compute_61 -gencode arch=compute_61,code=sm_61  -x cu -o  "xnor_gpu_v1.o" "../xnor_gpu_v1.cu"
Finished building: ../xnor_gpu_v1.cu
 
Building target: deneme
Invoking: NVCC Linker
/usr/local/cuda-10.2/bin/nvcc --cudart static --relocatable-device-code=false -gencode arch=compute_61,code=compute_61 -gencode arch=compute_61,code=sm_61 -link -o  "deneme"  ./xnor_gpu_v1.o   
Finished building target: deneme
 
08:09:45 **** Incremental Build of configuration Debug for project deneme ****
make all 
Building file: ../xnor_gpu_v1.cu
Invoking: NVCC Compiler
/usr/local/cuda-10.2/bin/nvcc -G -g -O3 -gencode arch=compute_61,code=sm_61  -odir "." -M -o "xnor_gpu_v1.d" "../xnor_gpu_v1.cu"
/usr/local/cuda-10.2/bin/nvcc -G -g -O3 --compile --relocatable-device-code=false -gencode arch=compute_61,code=compute_61 -gencode arch=compute_61,code=sm_61  -x cu -o  "xnor_gpu_v1.o" "../xnor_gpu_v1.cu"
Finished building: ../xnor_gpu_v1.cu
 
Building target: deneme
Invoking: NVCC Linker
/usr/local/cuda-10.2/bin/nvcc --cudart static --relocatable-device-code=false -gencode arch=compute_61,code=compute_61 -gencode arch=compute_61,code=sm_61 -link -o  "deneme"  ./xnor_gpu_v1.o   
Finished building target: deneme
 
08:10:05 **** Incremental Build of configuration Debug for project deneme ****
make all 
Building file: ../xnor_gpu_v1.cu
Invoking: NVCC Compiler
/usr/local/cuda-10.2/bin/nvcc -G -g -O3 -gencode arch=compute_61,code=sm_61  -odir "." -M -o "xnor_gpu_v1.d" "../xnor_gpu_v1.cu"
/usr/local/cuda-10.2/bin/nvcc -G -g -O3 --compile --relocatable-device-code=false -gencode arch=compute_61,code=compute_61 -gencode arch=compute_61,code=sm_61  -x cu -o  "xnor_gpu_v1.o" "../xnor_gpu_v1.cu"
Finished building: ../xnor_gpu_v1.cu
 
Building target: deneme
Invoking: NVCC Linker
/usr/local/cuda-10.2/bin/nvcc --cudart static --relocatable-device-code=false -gencode arch=compute_61,code=compute_61 -gencode arch=compute_61,code=sm_61 -link -o  "deneme"  ./xnor_gpu_v1.o   
Finished building target: deneme
 
08:10:33 **** Incremental Build of configuration Debug for project deneme ****
make all 
Building file: ../xnor_gpu_v1.cu
Invoking: NVCC Compiler
/usr/local/cuda-10.2/bin/nvcc -G -g -O3 -gencode arch=compute_61,code=sm_61  -odir "." -M -o "xnor_gpu_v1.d" "../xnor_gpu_v1.cu"
/usr/local/cuda-10.2/bin/nvcc -G -g -O3 --compile --relocatable-device-code=false -gencode arch=compute_61,code=compute_61 -gencode arch=compute_61,code=sm_61  -x cu -o  "xnor_gpu_v1.o" "../xnor_gpu_v1.cu"
Finished building: ../xnor_gpu_v1.cu
 
Building target: deneme
Invoking: NVCC Linker
/usr/local/cuda-10.2/bin/nvcc --cudart static --relocatable-device-code=false -gencode arch=compute_61,code=compute_61 -gencode arch=compute_61,code=sm_61 -link -o  "deneme"  ./xnor_gpu_v1.o   
Finished building target: deneme
 
08:10:49 **** Incremental Build of configuration Debug for project deneme ****
make all 
Building file: ../xnor_gpu_v1.cu
Invoking: NVCC Compiler
/usr/local/cuda-10.2/bin/nvcc -G -g -O3 -gencode arch=compute_61,code=sm_61  -odir "." -M -o "xnor_gpu_v1.d" "../xnor_gpu_v1.cu"
/usr/local/cuda-10.2/bin/nvcc -G -g -O3 --compile --relocatable-device-code=false -gencode arch=compute_61,code=compute_61 -gencode arch=compute_61,code=sm_61  -x cu -o  "xnor_gpu_v1.o" "../xnor_gpu_v1.cu"
Finished building: ../xnor_gpu_v1.cu
 
Building target: deneme
Invoking: NVCC Linker
/usr/local/cuda-10.2/bin/nvcc --cudart static --relocatable-device-code=false -gencode arch=compute_61,code=compute_61 -gencode arch=compute_61,code=sm_61 -link -o  "deneme"  ./xnor_gpu_v1.o   
Finished building target: deneme
 
08:11:13 **** Incremental Build of configuration Debug for project deneme ****
make all 
Building file: ../xnor_gpu_v1.cu
Invoking: NVCC Compiler
/usr/local/cuda-10.2/bin/nvcc -G -g -O3 -gencode arch=compute_61,code=sm_61  -odir "." -M -o "xnor_gpu_v1.d" "../xnor_gpu_v1.cu"
/usr/local/cuda-10.2/bin/nvcc -G -g -O3 --compile --relocatable-device-code=false -gencode arch=compute_61,code=compute_61 -gencode arch=compute_61,code=sm_61  -x cu -o  "xnor_gpu_v1.o" "../xnor_gpu_v1.cu"
Finished building: ../xnor_gpu_v1.cu
 
Building target: deneme
Invoking: NVCC Linker
/usr/local/cuda-10.2/bin/nvcc --cudart static --relocatable-device-code=false -gencode arch=compute_61,code=compute_61 -gencode arch=compute_61,code=sm_61 -link -o  "deneme"  ./xnor_gpu_v1.o   
Finished building target: deneme
 
08:11:39 **** Incremental Build of configuration Debug for project deneme ****
make all 
Building file: ../xnor_gpu_v1.cu
Invoking: NVCC Compiler
/usr/local/cuda-10.2/bin/nvcc -G -g -O3 -gencode arch=compute_61,code=sm_61  -odir "." -M -o "xnor_gpu_v1.d" "../xnor_gpu_v1.cu"
/usr/local/cuda-10.2/bin/nvcc -G -g -O3 --compile --relocatable-device-code=false -gencode arch=compute_61,code=compute_61 -gencode arch=compute_61,code=sm_61  -x cu -o  "xnor_gpu_v1.o" "../xnor_gpu_v1.cu"
Finished building: ../xnor_gpu_v1.cu
 
Building target: deneme
Invoking: NVCC Linker
/usr/local/cuda-10.2/bin/nvcc --cudart static --relocatable-device-code=false -gencode arch=compute_61,code=compute_61 -gencode arch=compute_61,code=sm_61 -link -o  "deneme"  ./xnor_gpu_v1.o   
Finished building target: deneme
 
08:12:55 **** Clean-only build of configuration Debug for project deneme ****
make clean 
rm -rf  ./xnor_gpu_v1.o  ./xnor_gpu_v1.d  deneme
 
08:12:55 **** Incremental Build of configuration Debug for project deneme ****
make all 
Building file: ../compK_final.cu
Invoking: NVCC Compiler
/usr/local/cuda-10.2/bin/nvcc -G -g -O3 -gencode arch=compute_61,code=sm_61  -odir "." -M -o "compK_final.d" "../compK_final.cu"
/usr/local/cuda-10.2/bin/nvcc -G -g -O3 --compile --relocatable-device-code=false -gencode arch=compute_61,code=compute_61 -gencode arch=compute_61,code=sm_61  -x cu -o  "compK_final.o" "../compK_final.cu"
../compK_final.cu(210): warning: variable "elapsedTimeAddition" is used before its value is set

../compK_final.cu(178): warning: variable "hostMaskData" was set but never used

../compK_final.cu(126): warning: variable "gridSize" was declared but never referenced

../compK_final.cu(210): warning: variable "elapsedTimeAddition" is used before its value is set

Finished building: ../compK_final.cu
 
Building target: deneme
Invoking: NVCC Linker
/usr/local/cuda-10.2/bin/nvcc --cudart static --relocatable-device-code=false -gencode arch=compute_61,code=compute_61 -gencode arch=compute_61,code=sm_61 -link -o  "deneme"  ./compK_final.o   
Finished building target: deneme
 
